# JRE version: Java(TM) SE Runtime Environment (8.0_31-b13) (build 1.8.0_31-b13)
# Java VM: Java HotSpot(TM) 64-Bit Server VM (25.31-b07 mixed mode windows-amd64 compressed oops)
Heap:
 PSYoungGen      total 275456K, used 30476K [0x00000000eb600000, 0x0000000100000000, 0x0000000100000000)
  eden space 212992K, 0% used [0x00000000eb600000,0x00000000eb600000,0x00000000f8600000)
  from space 62464K, 48% used [0x00000000f8600000,0x00000000fa3c32d0,0x00000000fc300000)
  to   space 59904K, 0% used [0x00000000fc580000,0x00000000fc580000,0x0000000100000000)
 ParOldGen       total 109056K, used 39128K [0x00000000c2200000, 0x00000000c8c80000, 0x00000000eb600000)
  object space 109056K, 35% used [0x00000000c2200000,0x00000000c4836198,0x00000000c8c80000)
 Metaspace       used 91075K, capacity 92512K, committed 93080K, reserved 1136640K
  class space    used 11153K, capacity 11624K, committed 11672K, reserved 1048576K
GC Heap History (10 events):
Event: 811.040 GC heap after
Heap after GC invocations=22 (full 3):
 PSYoungGen      total 262656K, used 40632K [0x00000000eb600000, 0x0000000100000000, 0x0000000100000000)
  eden space 220672K, 0% used [0x00000000eb600000,0x00000000eb600000,0x00000000f8d80000)
  from space 41984K, 96% used [0x00000000f8d80000,0x00000000fb52e1f0,0x00000000fb680000)
  to   space 47616K, 0% used [0x00000000fd180000,0x00000000fd180000,0x0000000100000000)
 ParOldGen       total 109056K, used 39096K [0x00000000c2200000, 0x00000000c8c80000, 0x00000000eb600000)
  object space 109056K, 35% used [0x00000000c2200000,0x00000000c482e198,0x00000000c8c80000)
 Metaspace       used 75605K, capacity 76808K, committed 77336K, reserved 1118208K
  class space    used 9062K, capacity 9488K, committed 9496K, reserved 1048576K
}
Event: 816.693 GC heap before
{Heap before GC invocations=23 (full 3):
 PSYoungGen      total 262656K, used 261304K [0x00000000eb600000, 0x0000000100000000, 0x0000000100000000)
  eden space 220672K, 100% used [0x00000000eb600000,0x00000000f8d80000,0x00000000f8d80000)
  from space 41984K, 96% used [0x00000000f8d80000,0x00000000fb52e1f0,0x00000000fb680000)
  to   space 47616K, 0% used [0x00000000fd180000,0x00000000fd180000,0x0000000100000000)
 ParOldGen       total 109056K, used 39096K [0x00000000c2200000, 0x00000000c8c80000, 0x00000000eb600000)
  object space 109056K, 35% used [0x00000000c2200000,0x00000000c482e198,0x00000000c8c80000)
 Metaspace       used 81643K, capacity 82886K, committed 83480K, reserved 1122304K
  class space    used 9825K, capacity 10246K, committed 10264K, reserved 1048576K
Event: 816.739 GC heap after
Heap after GC invocations=23 (full 3):
 PSYoungGen      total 284160K, used 38283K [0x00000000eb600000, 0x0000000100000000, 0x0000000100000000)
  eden space 236544K, 0% used [0x00000000eb600000,0x00000000eb600000,0x00000000f9d00000)
  from space 47616K, 80% used [0x00000000fd180000,0x00000000ff6e2f78,0x0000000100000000)
  to   space 50688K, 0% used [0x00000000f9d00000,0x00000000f9d00000,0x00000000fce80000)
 ParOldGen       total 109056K, used 39104K [0x00000000c2200000, 0x00000000c8c80000, 0x00000000eb600000)
  object space 109056K, 35% used [0x00000000c2200000,0x00000000c4830198,0x00000000c8c80000)
 Metaspace       used 81643K, capacity 82886K, committed 83480K, reserved 1122304K
  class space    used 9825K, capacity 10246K, committed 10264K, reserved 1048576K
}
Event: 823.315 GC heap before
{Heap before GC invocations=24 (full 3):
 PSYoungGen      total 284160K, used 274827K [0x00000000eb600000, 0x0000000100000000, 0x0000000100000000)
  eden space 236544K, 100% used [0x00000000eb600000,0x00000000f9d00000,0x00000000f9d00000)
  from space 47616K, 80% used [0x00000000fd180000,0x00000000ff6e2f78,0x0000000100000000)
  to   space 50688K, 0% used [0x00000000f9d00000,0x00000000f9d00000,0x00000000fce80000)
 ParOldGen       total 109056K, used 39104K [0x00000000c2200000, 0x00000000c8c80000, 0x00000000eb600000)
  object space 109056K, 35% used [0x00000000c2200000,0x00000000c4830198,0x00000000c8c80000)
 Metaspace       used 88483K, capacity 89866K, committed 90648K, reserved 1128448K
  class space    used 10764K, capacity 11220K, committed 11288K, reserved 1048576K
Event: 823.358 GC heap after
Heap after GC invocations=24 (full 3):
 PSYoungGen      total 282624K, used 45575K [0x00000000eb600000, 0x0000000100000000, 0x0000000100000000)
  eden space 236544K, 0% used [0x00000000eb600000,0x00000000eb600000,0x00000000f9d00000)
  from space 46080K, 98% used [0x00000000f9d00000,0x00000000fc981cf8,0x00000000fca00000)
  to   space 55296K, 0% used [0x00000000fca00000,0x00000000fca00000,0x0000000100000000)
 ParOldGen       total 109056K, used 39112K [0x00000000c2200000, 0x00000000c8c80000, 0x00000000eb600000)
  object space 109056K, 35% used [0x00000000c2200000,0x00000000c4832198,0x00000000c8c80000)
 Metaspace       used 88483K, capacity 89866K, committed 90648K, reserved 1128448K
  class space    used 10764K, capacity 11220K, committed 11288K, reserved 1048576K
}
Event: 826.479 GC heap before
{Heap before GC invocations=25 (full 3):
 PSYoungGen      total 282624K, used 282119K [0x00000000eb600000, 0x0000000100000000, 0x0000000100000000)
  eden space 236544K, 100% used [0x00000000eb600000,0x00000000f9d00000,0x00000000f9d00000)
  from space 46080K, 98% used [0x00000000f9d00000,0x00000000fc981cf8,0x00000000fca00000)
  to   space 55296K, 0% used [0x00000000fca00000,0x00000000fca00000,0x0000000100000000)
 ParOldGen       total 109056K, used 39112K [0x00000000c2200000, 0x00000000c8c80000, 0x00000000eb600000)
  object space 109056K, 35% used [0x00000000c2200000,0x00000000c4832198,0x00000000c8c80000)
 Metaspace       used 89823K, capacity 91216K, committed 91928K, reserved 1130496K
  class space    used 10979K, capacity 11426K, committed 11544K, reserved 1048576K
Event: 826.522 GC heap after
Heap after GC invocations=25 (full 3):
 PSYoungGen      total 268288K, used 51897K [0x00000000eb600000, 0x0000000100000000, 0x0000000100000000)
  eden space 212992K, 0% used [0x00000000eb600000,0x00000000eb600000,0x00000000f8600000)
  from space 55296K, 93% used [0x00000000fca00000,0x00000000ffcae460,0x0000000100000000)
  to   space 62464K, 0% used [0x00000000f8600000,0x00000000f8600000,0x00000000fc300000)
 ParOldGen       total 109056K, used 39120K [0x00000000c2200000, 0x00000000c8c80000, 0x00000000eb600000)
  object space 109056K, 35% used [0x00000000c2200000,0x00000000c4834198,0x00000000c8c80000)
 Metaspace       used 89823K, capacity 91216K, committed 91928K, reserved 1130496K
  class space    used 10979K, capacity 11426K, committed 11544K, reserved 1048576K
}
Event: 827.048 GC heap before
{Heap before GC invocations=26 (full 3):
 PSYoungGen      total 268288K, used 120723K [0x00000000eb600000, 0x0000000100000000, 0x0000000100000000)
  eden space 212992K, 32% used [0x00000000eb600000,0x00000000ef936b08,0x00000000f8600000)
  from space 55296K, 93% used [0x00000000fca00000,0x00000000ffcae460,0x0000000100000000)
  to   space 62464K, 0% used [0x00000000f8600000,0x00000000f8600000,0x00000000fc300000)
 ParOldGen       total 109056K, used 39120K [0x00000000c2200000, 0x00000000c8c80000, 0x00000000eb600000)
  object space 109056K, 35% used [0x00000000c2200000,0x00000000c4834198,0x00000000c8c80000)
 Metaspace       used 91075K, capacity 92512K, committed 93080K, reserved 1136640K
  class space    used 11153K, capacity 11624K, committed 11672K, reserved 1048576K
Event: 827.072 GC heap after
Heap after GC invocations=26 (full 3):
 PSYoungGen      total 275456K, used 30476K [0x00000000eb600000, 0x0000000100000000, 0x0000000100000000)
  eden space 212992K, 0% used [0x00000000eb600000,0x00000000eb600000,0x00000000f8600000)
  from space 62464K, 48% used [0x00000000f8600000,0x00000000fa3c32d0,0x00000000fc300000)
  to   space 59904K, 0% used [0x00000000fc580000,0x00000000fc580000,0x0000000100000000)
 ParOldGen       total 109056K, used 39128K [0x00000000c2200000, 0x00000000c8c80000, 0x00000000eb600000)
  object space 109056K, 35% used [0x00000000c2200000,0x00000000c4836198,0x00000000c8c80000)
 Metaspace       used 91075K, capacity 92512K, committed 93080K, reserved 1136640K
  class space    used 11153K, capacity 11624K, committed 11672K, reserved 1048576K
}
Event: 827.072 GC heap before
{Heap before GC invocations=27 (full 4):
 PSYoungGen      total 275456K, used 30476K [0x00000000eb600000, 0x0000000100000000, 0x0000000100000000)
  eden space 212992K, 0% used [0x00000000eb600000,0x00000000eb600000,0x00000000f8600000)
  from space 62464K, 48% used [0x00000000f8600000,0x00000000fa3c32d0,0x00000000fc300000)
  to   space 59904K, 0% used [0x00000000fc580000,0x00000000fc580000,0x0000000100000000)
 ParOldGen       total 109056K, used 39128K [0x00000000c2200000, 0x00000000c8c80000, 0x00000000eb600000)
  object space 109056K, 35% used [0x00000000c2200000,0x00000000c4836198,0x00000000c8c80000)
 Metaspace       used 91075K, capacity 92512K, committed 93080K, reserved 1136640K
  class space    used 11153K, capacity 11624K, committed 11672K, reserved 1048576K

